2025-05-13 00:20:27,457 - AnimePilgrimageUpdater - INFO - Starting daily anime pilgrimage updater
2025-05-13 00:20:27,458 - AnimePilgrimageUpdater - INFO - Running extract_apiid.py to refresh apiid.json
2025-05-13 00:20:27,661 - AnimePilgrimageUpdater - INFO - Successfully refreshed apiid.json
2025-05-13 00:20:29,122 - AnimePilgrimageUpdater - INFO - Testing anime list retrieval before running full scraper
2025-05-13 00:23:08,914 - AnimePilgrimageUpdater - INFO - Successfully retrieved 89 anime in test run
2025-05-13 00:23:08,914 - AnimePilgrimageUpdater - INFO - Test anime 1: ゆるゆり♪♪
2025-05-13 00:23:08,914 - AnimePilgrimageUpdater - INFO - Test anime 2: ゆるゆり
2025-05-13 00:23:08,914 - AnimePilgrimageUpdater - INFO - Test anime 3: 青春ブタ野郎はランドセルガールの夢を見ない
2025-05-13 00:23:08,914 - AnimePilgrimageUpdater - INFO - Test anime 4: 真･侍伝 YAIBA
2025-05-13 00:23:08,914 - AnimePilgrimageUpdater - INFO - Test anime 5: 小市民シリーズ 2期
2025-05-13 00:46:41,286 - AnimePilgrimageUpdater - INFO - Daily update completed successfully with detailed data
2025-05-14 12:43:14,674 - AnimePilgrimageUpdater - INFO - Starting daily anime pilgrimage updater
2025-05-14 12:43:14,674 - AnimePilgrimageUpdater - INFO - Running extract_apiid.py to refresh apiid.json
2025-05-14 12:43:14,894 - AnimePilgrimageUpdater - INFO - Successfully refreshed apiid.json
2025-05-14 12:43:15,768 - AnimePilgrimageUpdater - INFO - Testing anime list retrieval before running full scraper
2025-05-14 12:45:55,975 - AnimePilgrimageUpdater - INFO - Successfully retrieved 90 anime in test run
2025-05-14 12:45:55,975 - AnimePilgrimageUpdater - INFO - Test anime 1: 前橋ウィッチーズ
2025-05-14 12:45:55,975 - AnimePilgrimageUpdater - INFO - Test anime 2: ゆるゆり なちゅやちゅみ！＋
2025-05-14 12:45:55,975 - AnimePilgrimageUpdater - INFO - Test anime 3: ゆるゆり なちゅやちゅみ！
2025-05-14 12:45:55,975 - AnimePilgrimageUpdater - INFO - Test anime 4: ゆるゆり さん☆ハイ！
2025-05-14 12:45:55,975 - AnimePilgrimageUpdater - INFO - Test anime 5: Summer Pockets
2025-05-14 13:08:09,370 - AnimePilgrimageUpdater - INFO - Daily update completed successfully with detailed data
2025-05-14 17:19:14,471 - AnimePilgrimageUpdater - INFO - Starting daily anime pilgrimage updater
2025-05-14 17:19:14,471 - AnimePilgrimageUpdater - INFO - Running extract_apiid.py to refresh apiid.json
2025-05-14 17:19:14,680 - AnimePilgrimageUpdater - INFO - Successfully refreshed apiid.json
2025-05-14 17:19:18,154 - AnimePilgrimageUpdater - INFO - Testing anime list retrieval before running full scraper
2025-05-14 17:21:57,544 - AnimePilgrimageUpdater - INFO - Successfully retrieved 90 anime in test run
2025-05-14 17:21:57,544 - AnimePilgrimageUpdater - INFO - Test anime 1: 前橋ウィッチーズ
2025-05-14 17:21:57,544 - AnimePilgrimageUpdater - INFO - Test anime 2: ゆるゆり なちゅやちゅみ！＋
2025-05-14 17:21:57,544 - AnimePilgrimageUpdater - INFO - Test anime 3: ゆるゆり なちゅやちゅみ！
2025-05-14 17:21:57,544 - AnimePilgrimageUpdater - INFO - Test anime 4: ゆるゆり さん☆ハイ！
2025-05-14 17:21:57,544 - AnimePilgrimageUpdater - INFO - Test anime 5: Summer Pockets
2025-05-14 17:44:14,708 - AnimePilgrimageUpdater - INFO - Daily update completed successfully but no new data found
2025-05-15 12:43:25,681 - AnimePilgrimageUpdater - INFO - Starting daily anime pilgrimage updater
2025-05-15 12:43:25,681 - AnimePilgrimageUpdater - INFO - Running extract_apiid.py to refresh apiid.json
2025-05-15 12:43:25,892 - AnimePilgrimageUpdater - INFO - Successfully refreshed apiid.json
2025-05-15 12:43:27,160 - AnimePilgrimageUpdater - INFO - Testing anime list retrieval before running full scraper
2025-05-15 12:46:06,780 - AnimePilgrimageUpdater - INFO - Successfully retrieved 90 anime in test run
2025-05-15 12:46:06,780 - AnimePilgrimageUpdater - INFO - Test anime 1: 前橋ウィッチーズ
2025-05-15 12:46:06,780 - AnimePilgrimageUpdater - INFO - Test anime 2: ゆるゆり なちゅやちゅみ！＋
2025-05-15 12:46:06,780 - AnimePilgrimageUpdater - INFO - Test anime 3: ゆるゆり なちゅやちゅみ！
2025-05-15 12:46:06,780 - AnimePilgrimageUpdater - INFO - Test anime 4: ゆるゆり さん☆ハイ！
2025-05-15 12:46:06,780 - AnimePilgrimageUpdater - INFO - Test anime 5: Summer Pockets
2025-05-15 13:08:38,291 - AnimePilgrimageUpdater - INFO - Daily update completed successfully but no new data found
2025-05-16 12:43:56,942 - AnimePilgrimageUpdater - INFO - Starting daily anime pilgrimage updater
2025-05-16 12:43:56,942 - AnimePilgrimageUpdater - INFO - Running extract_apiid.py to refresh apiid.json
2025-05-16 12:43:57,152 - AnimePilgrimageUpdater - INFO - Successfully refreshed apiid.json
2025-05-16 12:43:58,781 - AnimePilgrimageUpdater - INFO - Testing anime list retrieval before running full scraper
2025-05-16 12:46:38,696 - AnimePilgrimageUpdater - INFO - Successfully retrieved 90 anime in test run
2025-05-16 12:46:38,696 - AnimePilgrimageUpdater - INFO - Test anime 1: 前橋ウィッチーズ
2025-05-16 12:46:38,696 - AnimePilgrimageUpdater - INFO - Test anime 2: ゆるゆり なちゅやちゅみ！＋
2025-05-16 12:46:38,696 - AnimePilgrimageUpdater - INFO - Test anime 3: ゆるゆり なちゅやちゅみ！
2025-05-16 12:46:38,696 - AnimePilgrimageUpdater - INFO - Test anime 4: ゆるゆり さん☆ハイ！
2025-05-16 12:46:38,696 - AnimePilgrimageUpdater - INFO - Test anime 5: Summer Pockets
2025-05-16 13:09:10,956 - AnimePilgrimageUpdater - INFO - Daily update completed successfully but no new data found
